<?xml version="1.0" encoding="UTF-8"?>
<testsuite xmlns:xsi="http://www.w3.org/2001/XMLSchema-instance" xsi:noNamespaceSchemaLocation="https://maven.apache.org/surefire/maven-surefire-plugin/xsd/surefire-test-report.xsd" name="com.example.demo.CsApplicationTests" time="16.28" tests="1" errors="0" skipped="0" failures="0">
  <properties>
    <property name="sun.desktop" value="windows"/>
    <property name="awt.toolkit" value="sun.awt.windows.WToolkit"/>
    <property name="java.specification.version" value="11"/>
    <property name="sun.cpu.isalist" value="amd64"/>
    <property name="sun.jnu.encoding" value="Cp1252"/>
    <property name="java.class.path" value="D:\ws\cs\target\test-classes;D:\ws\cs\target\classes;D:\software\.m2\org\springframework\boot\spring-boot-starter-web\2.7.17\spring-boot-starter-web-2.7.17.jar;D:\software\.m2\org\springframework\boot\spring-boot-starter\2.7.17\spring-boot-starter-2.7.17.jar;D:\software\.m2\org\springframework\boot\spring-boot\2.7.17\spring-boot-2.7.17.jar;D:\software\.m2\org\springframework\boot\spring-boot-autoconfigure\2.7.17\spring-boot-autoconfigure-2.7.17.jar;D:\software\.m2\org\springframework\boot\spring-boot-starter-logging\2.7.17\spring-boot-starter-logging-2.7.17.jar;D:\software\.m2\ch\qos\logback\logback-classic\1.2.12\logback-classic-1.2.12.jar;D:\software\.m2\ch\qos\logback\logback-core\1.2.12\logback-core-1.2.12.jar;D:\software\.m2\org\apache\logging\log4j\log4j-to-slf4j\2.17.2\log4j-to-slf4j-2.17.2.jar;D:\software\.m2\org\apache\logging\log4j\log4j-api\2.17.2\log4j-api-2.17.2.jar;D:\software\.m2\org\slf4j\jul-to-slf4j\1.7.36\jul-to-slf4j-1.7.36.jar;D:\software\.m2\jakarta\annotation\jakarta.annotation-api\1.3.5\jakarta.annotation-api-1.3.5.jar;D:\software\.m2\org\yaml\snakeyaml\1.30\snakeyaml-1.30.jar;D:\software\.m2\org\springframework\boot\spring-boot-starter-json\2.7.17\spring-boot-starter-json-2.7.17.jar;D:\software\.m2\com\fasterxml\jackson\core\jackson-databind\2.13.5\jackson-databind-2.13.5.jar;D:\software\.m2\com\fasterxml\jackson\core\jackson-annotations\2.13.5\jackson-annotations-2.13.5.jar;D:\software\.m2\com\fasterxml\jackson\core\jackson-core\2.13.5\jackson-core-2.13.5.jar;D:\software\.m2\com\fasterxml\jackson\datatype\jackson-datatype-jdk8\2.13.5\jackson-datatype-jdk8-2.13.5.jar;D:\software\.m2\com\fasterxml\jackson\datatype\jackson-datatype-jsr310\2.13.5\jackson-datatype-jsr310-2.13.5.jar;D:\software\.m2\com\fasterxml\jackson\module\jackson-module-parameter-names\2.13.5\jackson-module-parameter-names-2.13.5.jar;D:\software\.m2\org\springframework\boot\spring-boot-starter-tomcat\2.7.17\spring-boot-starter-tomcat-2.7.17.jar;D:\software\.m2\org\apache\tomcat\embed\tomcat-embed-core\9.0.82\tomcat-embed-core-9.0.82.jar;D:\software\.m2\org\apache\tomcat\embed\tomcat-embed-el\9.0.82\tomcat-embed-el-9.0.82.jar;D:\software\.m2\org\apache\tomcat\embed\tomcat-embed-websocket\9.0.82\tomcat-embed-websocket-9.0.82.jar;D:\software\.m2\org\springframework\spring-web\5.3.30\spring-web-5.3.30.jar;D:\software\.m2\org\springframework\spring-beans\5.3.30\spring-beans-5.3.30.jar;D:\software\.m2\org\springframework\spring-webmvc\5.3.30\spring-webmvc-5.3.30.jar;D:\software\.m2\org\springframework\spring-aop\5.3.30\spring-aop-5.3.30.jar;D:\software\.m2\org\springframework\spring-context\5.3.30\spring-context-5.3.30.jar;D:\software\.m2\org\springframework\spring-expression\5.3.30\spring-expression-5.3.30.jar;D:\software\.m2\org\springframework\boot\spring-boot-starter-test\2.7.17\spring-boot-starter-test-2.7.17.jar;D:\software\.m2\org\springframework\boot\spring-boot-test\2.7.17\spring-boot-test-2.7.17.jar;D:\software\.m2\org\springframework\boot\spring-boot-test-autoconfigure\2.7.17\spring-boot-test-autoconfigure-2.7.17.jar;D:\software\.m2\com\jayway\jsonpath\json-path\2.7.0\json-path-2.7.0.jar;D:\software\.m2\net\minidev\json-smart\2.4.11\json-smart-2.4.11.jar;D:\software\.m2\net\minidev\accessors-smart\2.4.11\accessors-smart-2.4.11.jar;D:\software\.m2\org\ow2\asm\asm\9.3\asm-9.3.jar;D:\software\.m2\org\slf4j\slf4j-api\1.7.36\slf4j-api-1.7.36.jar;D:\software\.m2\jakarta\xml\bind\jakarta.xml.bind-api\2.3.3\jakarta.xml.bind-api-2.3.3.jar;D:\software\.m2\jakarta\activation\jakarta.activation-api\1.2.2\jakarta.activation-api-1.2.2.jar;D:\software\.m2\org\assertj\assertj-core\3.22.0\assertj-core-3.22.0.jar;D:\software\.m2\org\hamcrest\hamcrest\2.2\hamcrest-2.2.jar;D:\software\.m2\org\junit\jupiter\junit-jupiter\5.8.2\junit-jupiter-5.8.2.jar;D:\software\.m2\org\junit\jupiter\junit-jupiter-api\5.8.2\junit-jupiter-api-5.8.2.jar;D:\software\.m2\org\opentest4j\opentest4j\1.2.0\opentest4j-1.2.0.jar;D:\software\.m2\org\junit\platform\junit-platform-commons\1.8.2\junit-platform-commons-1.8.2.jar;D:\software\.m2\org\apiguardian\apiguardian-api\1.1.2\apiguardian-api-1.1.2.jar;D:\software\.m2\org\junit\jupiter\junit-jupiter-params\5.8.2\junit-jupiter-params-5.8.2.jar;D:\software\.m2\org\junit\jupiter\junit-jupiter-engine\5.8.2\junit-jupiter-engine-5.8.2.jar;D:\software\.m2\org\junit\platform\junit-platform-engine\1.8.2\junit-platform-engine-1.8.2.jar;D:\software\.m2\org\mockito\mockito-core\4.5.1\mockito-core-4.5.1.jar;D:\software\.m2\net\bytebuddy\byte-buddy\1.12.23\byte-buddy-1.12.23.jar;D:\software\.m2\net\bytebuddy\byte-buddy-agent\1.12.23\byte-buddy-agent-1.12.23.jar;D:\software\.m2\org\objenesis\objenesis\3.2\objenesis-3.2.jar;D:\software\.m2\org\mockito\mockito-junit-jupiter\4.5.1\mockito-junit-jupiter-4.5.1.jar;D:\software\.m2\org\skyscreamer\jsonassert\1.5.1\jsonassert-1.5.1.jar;D:\software\.m2\com\vaadin\external\google\android-json\0.0.20131108.vaadin1\android-json-0.0.20131108.vaadin1.jar;D:\software\.m2\org\springframework\spring-core\5.3.30\spring-core-5.3.30.jar;D:\software\.m2\org\springframework\spring-jcl\5.3.30\spring-jcl-5.3.30.jar;D:\software\.m2\org\springframework\spring-test\5.3.30\spring-test-5.3.30.jar;D:\software\.m2\org\xmlunit\xmlunit-core\2.9.1\xmlunit-core-2.9.1.jar;"/>
    <property name="java.vm.vendor" value="Oracle Corporation"/>
    <property name="sun.arch.data.model" value="64"/>
    <property name="user.variant" value=""/>
    <property name="java.vendor.url" value="http://java.oracle.com/"/>
    <property name="user.timezone" value="Asia/Calcutta"/>
    <property name="java.vm.specification.version" value="11"/>
    <property name="os.name" value="Windows 10"/>
    <property name="sun.java.launcher" value="SUN_STANDARD"/>
    <property name="user.country" value="US"/>
    <property name="sun.boot.library.path" value="D:\software\jdk-11\bin"/>
    <property name="sun.java.command" value="C:\Users\dm\AppData\Local\Temp\surefire15909793985776482999\surefirebooter13827406636384419432.jar C:\Users\dm\AppData\Local\Temp\surefire15909793985776482999 2024-03-01T23-17-23_693-jvmRun1 surefire1233515440538334288tmp surefire_07340492769065505412tmp"/>
    <property name="jdk.debug" value="release"/>
    <property name="surefire.test.class.path" value="D:\ws\cs\target\test-classes;D:\ws\cs\target\classes;D:\software\.m2\org\springframework\boot\spring-boot-starter-web\2.7.17\spring-boot-starter-web-2.7.17.jar;D:\software\.m2\org\springframework\boot\spring-boot-starter\2.7.17\spring-boot-starter-2.7.17.jar;D:\software\.m2\org\springframework\boot\spring-boot\2.7.17\spring-boot-2.7.17.jar;D:\software\.m2\org\springframework\boot\spring-boot-autoconfigure\2.7.17\spring-boot-autoconfigure-2.7.17.jar;D:\software\.m2\org\springframework\boot\spring-boot-starter-logging\2.7.17\spring-boot-starter-logging-2.7.17.jar;D:\software\.m2\ch\qos\logback\logback-classic\1.2.12\logback-classic-1.2.12.jar;D:\software\.m2\ch\qos\logback\logback-core\1.2.12\logback-core-1.2.12.jar;D:\software\.m2\org\apache\logging\log4j\log4j-to-slf4j\2.17.2\log4j-to-slf4j-2.17.2.jar;D:\software\.m2\org\apache\logging\log4j\log4j-api\2.17.2\log4j-api-2.17.2.jar;D:\software\.m2\org\slf4j\jul-to-slf4j\1.7.36\jul-to-slf4j-1.7.36.jar;D:\software\.m2\jakarta\annotation\jakarta.annotation-api\1.3.5\jakarta.annotation-api-1.3.5.jar;D:\software\.m2\org\yaml\snakeyaml\1.30\snakeyaml-1.30.jar;D:\software\.m2\org\springframework\boot\spring-boot-starter-json\2.7.17\spring-boot-starter-json-2.7.17.jar;D:\software\.m2\com\fasterxml\jackson\core\jackson-databind\2.13.5\jackson-databind-2.13.5.jar;D:\software\.m2\com\fasterxml\jackson\core\jackson-annotations\2.13.5\jackson-annotations-2.13.5.jar;D:\software\.m2\com\fasterxml\jackson\core\jackson-core\2.13.5\jackson-core-2.13.5.jar;D:\software\.m2\com\fasterxml\jackson\datatype\jackson-datatype-jdk8\2.13.5\jackson-datatype-jdk8-2.13.5.jar;D:\software\.m2\com\fasterxml\jackson\datatype\jackson-datatype-jsr310\2.13.5\jackson-datatype-jsr310-2.13.5.jar;D:\software\.m2\com\fasterxml\jackson\module\jackson-module-parameter-names\2.13.5\jackson-module-parameter-names-2.13.5.jar;D:\software\.m2\org\springframework\boot\spring-boot-starter-tomcat\2.7.17\spring-boot-starter-tomcat-2.7.17.jar;D:\software\.m2\org\apache\tomcat\embed\tomcat-embed-core\9.0.82\tomcat-embed-core-9.0.82.jar;D:\software\.m2\org\apache\tomcat\embed\tomcat-embed-el\9.0.82\tomcat-embed-el-9.0.82.jar;D:\software\.m2\org\apache\tomcat\embed\tomcat-embed-websocket\9.0.82\tomcat-embed-websocket-9.0.82.jar;D:\software\.m2\org\springframework\spring-web\5.3.30\spring-web-5.3.30.jar;D:\software\.m2\org\springframework\spring-beans\5.3.30\spring-beans-5.3.30.jar;D:\software\.m2\org\springframework\spring-webmvc\5.3.30\spring-webmvc-5.3.30.jar;D:\software\.m2\org\springframework\spring-aop\5.3.30\spring-aop-5.3.30.jar;D:\software\.m2\org\springframework\spring-context\5.3.30\spring-context-5.3.30.jar;D:\software\.m2\org\springframework\spring-expression\5.3.30\spring-expression-5.3.30.jar;D:\software\.m2\org\springframework\boot\spring-boot-starter-test\2.7.17\spring-boot-starter-test-2.7.17.jar;D:\software\.m2\org\springframework\boot\spring-boot-test\2.7.17\spring-boot-test-2.7.17.jar;D:\software\.m2\org\springframework\boot\spring-boot-test-autoconfigure\2.7.17\spring-boot-test-autoconfigure-2.7.17.jar;D:\software\.m2\com\jayway\jsonpath\json-path\2.7.0\json-path-2.7.0.jar;D:\software\.m2\net\minidev\json-smart\2.4.11\json-smart-2.4.11.jar;D:\software\.m2\net\minidev\accessors-smart\2.4.11\accessors-smart-2.4.11.jar;D:\software\.m2\org\ow2\asm\asm\9.3\asm-9.3.jar;D:\software\.m2\org\slf4j\slf4j-api\1.7.36\slf4j-api-1.7.36.jar;D:\software\.m2\jakarta\xml\bind\jakarta.xml.bind-api\2.3.3\jakarta.xml.bind-api-2.3.3.jar;D:\software\.m2\jakarta\activation\jakarta.activation-api\1.2.2\jakarta.activation-api-1.2.2.jar;D:\software\.m2\org\assertj\assertj-core\3.22.0\assertj-core-3.22.0.jar;D:\software\.m2\org\hamcrest\hamcrest\2.2\hamcrest-2.2.jar;D:\software\.m2\org\junit\jupiter\junit-jupiter\5.8.2\junit-jupiter-5.8.2.jar;D:\software\.m2\org\junit\jupiter\junit-jupiter-api\5.8.2\junit-jupiter-api-5.8.2.jar;D:\software\.m2\org\opentest4j\opentest4j\1.2.0\opentest4j-1.2.0.jar;D:\software\.m2\org\junit\platform\junit-platform-commons\1.8.2\junit-platform-commons-1.8.2.jar;D:\software\.m2\org\apiguardian\apiguardian-api\1.1.2\apiguardian-api-1.1.2.jar;D:\software\.m2\org\junit\jupiter\junit-jupiter-params\5.8.2\junit-jupiter-params-5.8.2.jar;D:\software\.m2\org\junit\jupiter\junit-jupiter-engine\5.8.2\junit-jupiter-engine-5.8.2.jar;D:\software\.m2\org\junit\platform\junit-platform-engine\1.8.2\junit-platform-engine-1.8.2.jar;D:\software\.m2\org\mockito\mockito-core\4.5.1\mockito-core-4.5.1.jar;D:\software\.m2\net\bytebuddy\byte-buddy\1.12.23\byte-buddy-1.12.23.jar;D:\software\.m2\net\bytebuddy\byte-buddy-agent\1.12.23\byte-buddy-agent-1.12.23.jar;D:\software\.m2\org\objenesis\objenesis\3.2\objenesis-3.2.jar;D:\software\.m2\org\mockito\mockito-junit-jupiter\4.5.1\mockito-junit-jupiter-4.5.1.jar;D:\software\.m2\org\skyscreamer\jsonassert\1.5.1\jsonassert-1.5.1.jar;D:\software\.m2\com\vaadin\external\google\android-json\0.0.20131108.vaadin1\android-json-0.0.20131108.vaadin1.jar;D:\software\.m2\org\springframework\spring-core\5.3.30\spring-core-5.3.30.jar;D:\software\.m2\org\springframework\spring-jcl\5.3.30\spring-jcl-5.3.30.jar;D:\software\.m2\org\springframework\spring-test\5.3.30\spring-test-5.3.30.jar;D:\software\.m2\org\xmlunit\xmlunit-core\2.9.1\xmlunit-core-2.9.1.jar;"/>
    <property name="sun.cpu.endian" value="little"/>
    <property name="user.home" value="C:\Users\dm"/>
    <property name="user.language" value="en"/>
    <property name="java.specification.vendor" value="Oracle Corporation"/>
    <property name="java.version.date" value="2019-01-15"/>
    <property name="java.home" value="D:\software\jdk-11"/>
    <property name="file.separator" value="\"/>
    <property name="basedir" value="D:\ws\cs"/>
    <property name="java.vm.compressedOopsMode" value="Zero based"/>
    <property name="line.separator" value="&#10;"/>
    <property name="java.specification.name" value="Java Platform API Specification"/>
    <property name="java.vm.specification.vendor" value="Oracle Corporation"/>
    <property name="java.awt.graphicsenv" value="sun.awt.Win32GraphicsEnvironment"/>
    <property name="surefire.real.class.path" value="C:\Users\dm\AppData\Local\Temp\surefire15909793985776482999\surefirebooter13827406636384419432.jar"/>
    <property name="user.script" value=""/>
    <property name="sun.management.compiler" value="HotSpot 64-Bit Tiered Compilers"/>
    <property name="java.runtime.version" value="11.0.2+9"/>
    <property name="user.name" value="dm"/>
    <property name="path.separator" value=";"/>
    <property name="os.version" value="10.0"/>
    <property name="java.runtime.name" value="OpenJDK Runtime Environment"/>
    <property name="file.encoding" value="Cp1252"/>
    <property name="java.vm.name" value="OpenJDK 64-Bit Server VM"/>
    <property name="java.vendor.version" value="18.9"/>
    <property name="localRepository" value="D:\software\.m2"/>
    <property name="java.vendor.url.bug" value="http://bugreport.java.com/bugreport/"/>
    <property name="java.io.tmpdir" value="C:\Users\dm\AppData\Local\Temp\"/>
    <property name="java.version" value="11.0.2"/>
    <property name="user.dir" value="D:\ws\cs"/>
    <property name="os.arch" value="amd64"/>
    <property name="java.vm.specification.name" value="Java Virtual Machine Specification"/>
    <property name="java.awt.printerjob" value="sun.awt.windows.WPrinterJob"/>
    <property name="sun.os.patch.level" value=""/>
    <property name="java.library.path" value="D:\software\jdk-11\bin;C:\WINDOWS\Sun\Java\bin;C:\WINDOWS\system32;C:\WINDOWS;C:\Python312\Scripts\;C:\Python312\;C:\Python311\Scripts\;C:\Python311\;C:\Python310\Scripts\;C:\Python310\;C:\Python39\Scripts\;C:\Python39\;C:\Windows\system32;C:\Windows;C:\Windows\System32\Wbem;C:\Windows\System32\WindowsPowerShell\v1.0\;C:\Windows\System32\OpenSSH\;C:\ProgramData\chocolatey\bin;C:\Program Files\Kubernetes\Minikube;C:\Program Files\dotnet\;C:\WINDOWS\system32;C:\WINDOWS;C:\WINDOWS\System32\Wbem;C:\WINDOWS\System32\WindowsPowerShell\v1.0\;C:\WINDOWS\System32\OpenSSH\;C:\minikube;d:\software\installations\resources\bin;C:\Program Files\Git\cmd;C:\Users\dm\AppData\Local\Microsoft\WindowsApps;D:\software\maven\bin;C:\Program Files\JetBrains\IntelliJ IDEA 2021.1.1\bin;C:\Users\dm\AppData\Local\Programs\Microsoft VS Code\bin;D:\software\jdk-11\bin;C:\Program Files\MySQL\MySQL Server 8.0\bin;C:\Users\dm\AppData\Roaming\Python\Python311\Scripts;C:\Users\dm\AppData\Local\Google\Cloud SDK\google-cloud-sdk\bin;D:\software;D:\software\helm;D:\software\eksctl_Windows_amd64;D:\software\Microsoft VS Code\bin;D:\software\terraform_1.6.3_windows_amd64;."/>
    <property name="java.vendor" value="Oracle Corporation"/>
    <property name="java.vm.info" value="mixed mode"/>
    <property name="java.vm.version" value="11.0.2+9"/>
    <property name="sun.io.unicode.encoding" value="UnicodeLittle"/>
    <property name="java.class.version" value="55.0"/>
  </properties>
  <testcase name="contextLoads" classname="com.example.demo.CsApplicationTests" time="1.257"/>
</testsuite>